<?xml version="1.0" encoding="UTF-8"?>
<!-- Generated by org.testng.reporters.JUnitReportReporter -->
<testsuite hostname="LAPTOP-4PIP6EC5" failures="0" tests="3" name="TestNGBasics.AnnotationsWithGroupsTest" time="5.758" errors="0" timestamp="2021-08-16T19:38:49 IST" skipped="0">
  <testcase classname="TestNGBasics.AnnotationsWithGroupsTest" name="googleTitleTest" time="1.796"/>
  <system-out/>
  <testcase classname="TestNGBasics.AnnotationsWithGroupsTest" name="gmailLinkTest" time="2.161"/>
  <system-out/>
  <testcase classname="TestNGBasics.AnnotationsWithGroupsTest" name="googleLogoTest" time="1.801"/>
  <system-out/>
</testsuite> <!-- TestNGBasics.AnnotationsWithGroupsTest -->
