<?xml version="1.0" encoding="UTF-8"?>
<!-- Generated by org.testng.reporters.JUnitReportReporter -->
<testsuite hostname="LAPTOP-4PIP6EC5" failures="0" tests="5" name="TestNGBasics.InvocationCountTest" time="0.007" errors="0" timestamp="2021-08-16T19:38:49 IST" skipped="0">
  <testcase classname="TestNGBasics.InvocationCountTest" name="repeat" time="0.001"/>
  <system-out/>
  <testcase classname="TestNGBasics.InvocationCountTest" name="repeat" time="0.001"/>
  <system-out/>
  <testcase classname="TestNGBasics.InvocationCountTest" name="repeat" time="0.005"/>
  <system-out/>
  <testcase classname="TestNGBasics.InvocationCountTest" name="repeat" time="0.000"/>
  <system-out/>
  <testcase classname="TestNGBasics.InvocationCountTest" name="repeat" time="0.000"/>
  <system-out/>
</testsuite> <!-- TestNGBasics.InvocationCountTest -->
