<?xml version="1.0" encoding="UTF-8"?>
<!-- Generated by org.testng.reporters.JUnitReportReporter -->
<testsuite hostname="LAPTOP-4PIP6EC5" failures="0" tests="1" name="TestNGBasics.parametersTest" time="2.977" errors="0" timestamp="2021-08-18T17:32:34 IST" skipped="0">
  <testcase classname="TestNGBasics.parametersTest" name="loginTest" time="2.977"/>
  <system-out/>
</testsuite> <!-- TestNGBasics.parametersTest -->
